WARNING 	 2019-10-16 03:09:52 	 参数类型必须为key=>val式的数组 	 1231
WARNING 	 2019-10-16 03:13:04 	 参数类型必须为key=>val式的数组 	 1231 	 Array
WARNING 	 2019-10-16 03:23:32 	 参数类型必须为key=>val式的数组 	 1231 	 Array
WARNING 	 2019-10-16 03:23:42 	 参数类型必须为key=>val式的数组 	 1231 	 Array







WARNING 	 2019-10-16 03:25:20 	 参数类型必须为key=>val式的数组 	 1231 	 Array
WARNING 	 2019-10-16 03:25:54 	 参数类型必须为key=>val式的数组 	 1231 	 Array
WARNING 	 2019-10-16 03:25:55 	 参数类型必须为key=>val式的数组 	 1231 	 Array
WARNING 	 2019-10-16 03:25:56 	 参数类型必须为key=>val式的数组 	 1231 	 Array
WARNING 	 2019-10-16 03:25:57 	 参数类型必须为key=>val式的数组 	 1231 	 Array
WARNING 	 2019-10-16 03:25:57 	 参数类型必须为key=>val式的数组 	 1231 	 Array
WARNING 	 2019-10-16 03:25:58 	 参数类型必须为key=>val式的数组 	 1231 	 Array
WARNING 	 2019-10-16 03:28:43 	 参数类型必须为key=>val式的数组 	 1231 	 Array
WARNING 	 2019-10-16 03:28:47 	 参数类型必须为key=>val式的数组 	 1231 	 Array
WARNING 	 2019-10-16 03:29:31 	 参数类型必须为key=>val式的数组 	 1231 	 Array
WARNING 	 2019-10-16 03:29:37 	 参数类型必须为key=>val式的数组 	 1231 	 Array
WARNING 	 2019-10-16 03:30:12 	 参数类型必须为key=>val式的数组 	 1231 	 Array
WARNING 	 2019-10-16 03:30:23 	 参数类型必须为key=>val式的数组 	 1231 	 Array
WARNING 	 2019-10-16 03:30:56 	 参数类型必须为key=>val式的数组 	 1231 	 Array
WARNING 	 2019-10-16 03:37:39 	 参数类型必须为key=>val式的数组 	 1231 	 ["1","2"]WARNING 	 2019-10-16 03:42:16 	 参数类型必须为key=>val式的数组 	 1231 	 ["1","2"] 	 12335WARNING 	 2019-10-16 03:42:48 	 参数类型必须为key=>val式的数组 	 1231 	 ["1","2"] 	 12335WARNING 	 2019-10-16 03:42:49 	 参数类型必须为key=>val式的数组 	 1231 	 ["1","2"] 	 12335WARNING 	 2019-10-16 03:42:50 	 参数类型必须为key=>val式的数组 	 1231 	 ["1","2"] 	 12335WARNING 	 2019-10-16 03:48:01 	 参数类型必须为key=>val式的数组 	 1231 	 ["1","2"] 	 12335WARNING 	 2019-10-16 03:50:28 	 参数类型必须为key=>val式的数组 	 1231 	 ["1","2"] 	 12335
WARNING 	 2019-10-16 03:50:44 	 参数类型必须为key=>val式的数组 	 1231 	 ["1","2"] 	 12335
WARNING 	 2019-10-16 03:50:44 	 参数类型必须为key=>val式的数组 	 1231 	 ["1","2"] 	 12335
WARNING 	 2019-10-16 03:50:45 	 参数类型必须为key=>val式的数组 	 1231 	 ["1","2"] 	 12335
WARNING 	 2019-10-16 03:50:44 	 参数类型必须为key=>val式的数组 	 1231 	 ["1","2"] 	 12335
WARNING 	 2019-10-16 03:50:45 	 参数类型必须为key=>val式的数组 	 1231 	 ["1","2"] 	 12335
WARNING 	 2019-10-16 03:50:46 	 参数类型必须为key=>val式的数组 	 1231 	 ["1","2"] 	 12335
WARNING 	 2019-10-16 03:52:14 	 参数类型必须为key=>val式的数组 	 1231 	 ["1","2"] 	 12335
WARNING 	 2019-10-16 03:52:14 	 参数类型必须为key=>val式的数组 	 1231 	 ["1","2"] 	 12335
WARNING 	 2019-10-16 03:52:14 	 参数类型必须为key=>val式的数组 	 1231 	 ["1","2"] 	 12335
WARNING 	 2019-10-16 03:52:14 	 参数类型必须为key=>val式的数组 	 1231 	 ["1","2"] 	 12335
WARNING 	 2019-10-16 03:52:14 	 参数类型必须为key=>val式的数组 	 1231 	 ["1","2"] 	 12335
WARNING 	 2019-10-16 03:52:15 	 参数类型必须为key=>val式的数组 	 1231 	 ["1","2"] 	 12335
WARNING 	 2019-10-16 03:52:39 	 参数类型必须为key=>val式的数组 	 1231 	 ["1","2"] 	 12335
WARNING 	 2019-10-16 03:52:44 	 参数类型必须为key=>val式的数组 	 1231 	 ["1","2"] 	 12335
WARNING 	 2019-10-16 03:52:44 	 参数类型必须为key=>val式的数组 	 1231 	 ["1","2"] 	 12335
WARNING 	 2019-10-16 03:52:45 	 参数类型必须为key=>val式的数组 	 1231 	 ["1","2"] 	 12335
WARNING 	 2019-10-16 03:52:44 	 参数类型必须为key=>val式的数组 	 1231 	 ["1","2"] 	 12335
WARNING 	 2019-10-16 03:52:45 	 参数类型必须为key=>val式的数组 	 1231 	 ["1","2"] 	 12335
WARNING 	 2019-10-16 03:52:45 	 参数类型必须为key=>val式的数组 	 1231 	 ["1","2"] 	 12335
WARNING 	 2019-10-16 03:52:47 	 参数类型必须为key=>val式的数组 	 1231 	 ["1","2"] 	 12335
WARNING 	 2019-10-16 03:52:47 	 参数类型必须为key=>val式的数组 	 1231 	 ["1","2"] 	 12335
WARNING 	 2019-10-16 03:52:47 	 参数类型必须为key=>val式的数组 	 1231 	 ["1","2"] 	 12335
WARNING 	 2019-10-16 03:52:47 	 参数类型必须为key=>val式的数组 	 1231 	 ["1","2"] 	 12335
WARNING 	 2019-10-16 03:52:47 	 参数类型必须为key=>val式的数组 	 1231 	 ["1","2"] 	 12335
WARNING 	 2019-10-16 03:52:48 	 参数类型必须为key=>val式的数组 	 1231 	 ["1","2"] 	 12335
WARNING 	 2019-10-16 03:52:47 	 参数类型必须为key=>val式的数组 	 1231 	 ["1","2"] 	 12335
WARNING 	 2019-10-16 03:52:47 	 参数类型必须为key=>val式的数组 	 1231 	 ["1","2"] 	 12335
WARNING 	 2019-10-16 03:52:48 	 参数类型必须为key=>val式的数组 	 1231 	 ["1","2"] 	 12335
WARNING 	 2019-10-16 03:52:49 	 参数类型必须为key=>val式的数组 	 1231 	 ["1","2"] 	 12335
WARNING 	 2019-10-16 03:55:59 	 参数类型必须为key=>val式的数组 	 {"token":"b09df006402695149a95f2f95fb7718d","id":"907","smscode":"7101","businesscode":"723836","sdsd":"","pubpwd":"123456"} 	 null 	 12335
